<?xml version="1.0" encoding="UTF-8"?>
<TestRun id="d3ebdcd8-194b-4d9d-9e8c-5727366e2faa" name="spf@WKSPF4 2011-05-18 23:15:10" runUser="ASCORP\spf" xmlns="http://microsoft.com/schemas/VisualStudio/TeamTest/2010">
  <TestSettings name="Local" id="fdb1f0fd-9ae3-4924-9ad7-a6fd048d2a93">
    <Description>These are default test settings for a local test run.</Description>
    <Deployment userDeploymentRoot="C:\SPF\prompt11\uc01\repos\PROMPT11-01-VMEssentials.sandrapatfer\Sessao 5\Sessao5\TestResults" useDefaultDeploymentRoot="false" enabled="false" runDeploymentRoot="spf_WKSPF4 2011-05-18 23_15_10">
      <DeploymentItem filename="C:\SPF\prompt11\uc01\repos\PROMPT11-01-VMEssentials.sandrapatfer\Sessao 5\Sessao5\Sessao5\bin\Debug\Sessao5.exe" />
    </Deployment>
    <Execution>
      <TestTypeSpecific />
      <AgentRule name="Execution Agents">
      </AgentRule>
    </Execution>
  </TestSettings>
  <Times creation="2011-05-18T23:15:10.3799928+01:00" queuing="2011-05-18T23:15:11.1911942+01:00" start="2011-05-18T23:15:11.3471945+01:00" finish="2011-05-18T23:15:21.6964269+01:00" />
  <ResultSummary outcome="Error">
    <Counters total="1" executed="1" error="0" failed="0" timeout="0" aborted="1" inconclusive="0" passedButRunAborted="0" notRunnable="0" notExecuted="0" disconnected="0" warning="0" passed="0" completed="0" inProgress="0" pending="0" />
    <RunInfos>
      <RunInfo computerName="WKSPF4" outcome="Error" timestamp="2011-05-18T23:15:21.6944268+01:00">
        <Text>Test host process exited unexpectedly.</Text>
      </RunInfo>
    </RunInfos>
  </ResultSummary>
  <TestDefinitions>
    <UnitTest name="TestMethod2" storage="c:\spf\prompt11\uc01\repos\prompt11-01-vmessentials.sandrapatfer\sessao 5\sessao5\testproject1\bin\debug\testproject1.dll" id="0643f71d-9f5a-c498-5566-77f5cfbbc5c7">
      <Execution id="5bea26e7-9b78-4457-8618-5c1b7ce43932" />
      <TestMethod codeBase="C:/SPF/prompt11/uc01/repos/PROMPT11-01-VMEssentials.sandrapatfer/Sessao 5/Sessao5/TestProject1/bin/Debug/TestProject1.DLL" adapterTypeName="Microsoft.VisualStudio.TestTools.TestTypes.Unit.UnitTestAdapter, Microsoft.VisualStudio.QualityTools.Tips.UnitTest.Adapter, Version=10.0.0.0, Culture=neutral, PublicKeyToken=b03f5f7f11d50a3a" className="Sessao5.Tests.UnitTest1, TestProject1, Version=1.0.0.0, Culture=neutral, PublicKeyToken=null" name="TestMethod2" />
    </UnitTest>
  </TestDefinitions>
  <TestLists>
    <TestList name="Results Not in a List" id="8c84fa94-04c1-424b-9868-57a2d4851a1d" />
    <TestList name="All Loaded Results" id="19431567-8539-422a-85d7-44ee4e166bda" />
  </TestLists>
  <TestEntries>
    <TestEntry testId="0643f71d-9f5a-c498-5566-77f5cfbbc5c7" executionId="5bea26e7-9b78-4457-8618-5c1b7ce43932" testListId="8c84fa94-04c1-424b-9868-57a2d4851a1d" />
  </TestEntries>
  <Results>
    <UnitTestResult executionId="5bea26e7-9b78-4457-8618-5c1b7ce43932" testId="0643f71d-9f5a-c498-5566-77f5cfbbc5c7" testName="TestMethod2" computerName="WKSPF4" duration="00:00:10.2088321" startTime="2011-05-18T23:15:11.4875948+01:00" endTime="2011-05-18T23:15:21.6964269+01:00" testType="13cdc9d9-ddb5-4fa4-a97d-d965ccfc6d4b" outcome="Aborted" testListId="8c84fa94-04c1-424b-9868-57a2d4851a1d" relativeResultsDirectory="5bea26e7-9b78-4457-8618-5c1b7ce43932">
    </UnitTestResult>
  </Results>
</TestRun>