<?xml version="1.0" encoding="UTF-8"?>
<TestRun id="3183ebb2-2073-49af-bab0-a5d9071016e7" name="spf@WKSPF4 2011-05-18 23:21:33" runUser="ASCORP\spf" xmlns="http://microsoft.com/schemas/VisualStudio/TeamTest/2010">
  <TestSettings name="Local" id="fdb1f0fd-9ae3-4924-9ad7-a6fd048d2a93">
    <Description>These are default test settings for a local test run.</Description>
    <Deployment userDeploymentRoot="C:\SPF\prompt11\uc01\repos\PROMPT11-01-VMEssentials.sandrapatfer\Sessao 5\Sessao5\TestResults" useDefaultDeploymentRoot="false" enabled="false" runDeploymentRoot="spf_WKSPF4 2011-05-18 23_21_33">
      <DeploymentItem filename="C:\SPF\prompt11\uc01\repos\PROMPT11-01-VMEssentials.sandrapatfer\Sessao 5\Sessao5\Sessao5\bin\Debug\Sessao5.exe" />
    </Deployment>
    <Execution>
      <TestTypeSpecific />
      <AgentRule name="Execution Agents">
      </AgentRule>
    </Execution>
  </TestSettings>
  <Times creation="2011-05-18T23:21:33.3510671+01:00" queuing="2011-05-18T23:21:34.3261229+01:00" start="2011-05-18T23:21:34.5291345+01:00" finish="2011-05-18T23:24:44.0795199+01:00" />
  <ResultSummary outcome="Error">
    <Counters total="1" executed="1" error="0" failed="0" timeout="0" aborted="1" inconclusive="0" passedButRunAborted="0" notRunnable="0" notExecuted="0" disconnected="0" warning="0" passed="0" completed="0" inProgress="0" pending="0" />
    <RunInfos>
      <RunInfo computerName="WKSPF4" outcome="Error" timestamp="2011-05-18T23:24:44.0795199+01:00">
        <Text>Test host process exited unexpectedly.</Text>
      </RunInfo>
    </RunInfos>
  </ResultSummary>
  <TestDefinitions>
    <UnitTest name="TestMethod2" storage="c:\spf\prompt11\uc01\repos\prompt11-01-vmessentials.sandrapatfer\sessao 5\sessao5\testproject1\bin\debug\testproject1.dll" id="0643f71d-9f5a-c498-5566-77f5cfbbc5c7">
      <Execution id="db54d7b6-1c9d-4a1c-a02d-07723f96a2ad" />
      <TestMethod codeBase="C:/SPF/prompt11/uc01/repos/PROMPT11-01-VMEssentials.sandrapatfer/Sessao 5/Sessao5/TestProject1/bin/Debug/TestProject1.DLL" adapterTypeName="Microsoft.VisualStudio.TestTools.TestTypes.Unit.UnitTestAdapter, Microsoft.VisualStudio.QualityTools.Tips.UnitTest.Adapter, Version=10.0.0.0, Culture=neutral, PublicKeyToken=b03f5f7f11d50a3a" className="Sessao5.Tests.UnitTest1, TestProject1, Version=1.0.0.0, Culture=neutral, PublicKeyToken=null" name="TestMethod2" />
    </UnitTest>
  </TestDefinitions>
  <TestLists>
    <TestList name="Results Not in a List" id="8c84fa94-04c1-424b-9868-57a2d4851a1d" />
    <TestList name="All Loaded Results" id="19431567-8539-422a-85d7-44ee4e166bda" />
  </TestLists>
  <TestEntries>
    <TestEntry testId="0643f71d-9f5a-c498-5566-77f5cfbbc5c7" executionId="db54d7b6-1c9d-4a1c-a02d-07723f96a2ad" testListId="8c84fa94-04c1-424b-9868-57a2d4851a1d" />
  </TestEntries>
  <Results>
    <UnitTestResult executionId="db54d7b6-1c9d-4a1c-a02d-07723f96a2ad" testId="0643f71d-9f5a-c498-5566-77f5cfbbc5c7" testName="TestMethod2" computerName="WKSPF4" duration="00:03:09.4053771" startTime="2011-05-18T23:21:34.6741428+01:00" endTime="2011-05-18T23:24:44.0795199+01:00" testType="13cdc9d9-ddb5-4fa4-a97d-d965ccfc6d4b" outcome="Aborted" testListId="8c84fa94-04c1-424b-9868-57a2d4851a1d" relativeResultsDirectory="db54d7b6-1c9d-4a1c-a02d-07723f96a2ad">
    </UnitTestResult>
  </Results>
</TestRun>