<?xml version="1.0" encoding="UTF-8"?>
<TestRun id="ecf664ef-d69f-47b5-aa0f-5dd51a46638b" name="spf@WKSPF4 2011-05-18 22:32:40" runUser="ASCORP\spf" xmlns="http://microsoft.com/schemas/VisualStudio/TeamTest/2010">
  <TestSettings name="Local" id="fdb1f0fd-9ae3-4924-9ad7-a6fd048d2a93">
    <Description>These are default test settings for a local test run.</Description>
    <Deployment userDeploymentRoot="C:\SPF\prompt11\uc01\repos\PROMPT11-01-VMEssentials.sandrapatfer\Sessao 5\Sessao5\TestResults" useDefaultDeploymentRoot="false" enabled="false" runDeploymentRoot="spf_WKSPF4 2011-05-18 22_32_40">
      <DeploymentItem filename="C:\SPF\prompt11\uc01\repos\PROMPT11-01-VMEssentials.sandrapatfer\Sessao 5\Sessao5\Sessao5\bin\Debug\Sessao5.exe" />
    </Deployment>
    <Execution>
      <TestTypeSpecific />
      <AgentRule name="Execution Agents">
      </AgentRule>
    </Execution>
  </TestSettings>
  <Times creation="2011-05-18T22:32:40.4898304+01:00" queuing="2011-05-18T22:32:41.3298438+01:00" start="2011-05-18T22:32:41.4702441+01:00" finish="2011-05-18T22:33:12.5690993+01:00" />
  <ResultSummary outcome="Completed">
    <Counters total="1" executed="1" passed="1" error="0" failed="0" timeout="0" aborted="0" inconclusive="0" passedButRunAborted="0" notRunnable="0" notExecuted="0" disconnected="0" warning="0" completed="0" inProgress="0" pending="0" />
  </ResultSummary>
  <TestDefinitions>
    <UnitTest name="TestMethod1" storage="c:\spf\prompt11\uc01\repos\prompt11-01-vmessentials.sandrapatfer\sessao 5\sessao5\testproject1\bin\debug\testproject1.dll" id="2bf906b1-beb5-da3a-65b4-04ae7b4b485d">
      <Execution id="6dd590a2-e139-4ccb-9fed-b597486cdfd7" />
      <TestMethod codeBase="C:/SPF/prompt11/uc01/repos/PROMPT11-01-VMEssentials.sandrapatfer/Sessao 5/Sessao5/TestProject1/bin/Debug/TestProject1.DLL" adapterTypeName="Microsoft.VisualStudio.TestTools.TestTypes.Unit.UnitTestAdapter, Microsoft.VisualStudio.QualityTools.Tips.UnitTest.Adapter, Version=10.0.0.0, Culture=neutral, PublicKeyToken=b03f5f7f11d50a3a" className="Sessao5.Tests.UnitTest1, TestProject1, Version=1.0.0.0, Culture=neutral, PublicKeyToken=null" name="TestMethod1" />
    </UnitTest>
  </TestDefinitions>
  <TestLists>
    <TestList name="Results Not in a List" id="8c84fa94-04c1-424b-9868-57a2d4851a1d" />
    <TestList name="All Loaded Results" id="19431567-8539-422a-85d7-44ee4e166bda" />
  </TestLists>
  <TestEntries>
    <TestEntry testId="2bf906b1-beb5-da3a-65b4-04ae7b4b485d" executionId="6dd590a2-e139-4ccb-9fed-b597486cdfd7" testListId="8c84fa94-04c1-424b-9868-57a2d4851a1d" />
  </TestEntries>
  <Results>
    <UnitTestResult executionId="6dd590a2-e139-4ccb-9fed-b597486cdfd7" testId="2bf906b1-beb5-da3a-65b4-04ae7b4b485d" testName="TestMethod1" computerName="WKSPF4" duration="00:00:30.2276043" startTime="2011-05-18T22:32:41.6106443+01:00" endTime="2011-05-18T22:33:12.4286990+01:00" testType="13cdc9d9-ddb5-4fa4-a97d-d965ccfc6d4b" outcome="Passed" testListId="8c84fa94-04c1-424b-9868-57a2d4851a1d" relativeResultsDirectory="6dd590a2-e139-4ccb-9fed-b597486cdfd7">
    </UnitTestResult>
  </Results>
</TestRun>