<?xml version="1.0" encoding="UTF-8"?>
<TestRun id="8914f1e6-f73a-4e12-a6ac-0910643f28d3" name="spf@WKSPF4 2011-05-18 00:26:06" runUser="ASCORP\spf" xmlns="http://microsoft.com/schemas/VisualStudio/TeamTest/2010">
  <TestSettings name="Local" id="9c902be1-ba22-4d4e-825f-91cd920b426b">
    <Description>These are default test settings for a local test run.</Description>
    <Deployment enabled="false" runDeploymentRoot="spf_WKSPF4 2011-05-18 00_26_06">
      <DeploymentItem filename="C:\SPF\prompt11\uc01\repos\PROMPT11-01-VMEssentials.sandrapatfer\Sessao 4\Sessao4\Binding\bin\Debug\Binding.dll" />
    </Deployment>
    <Execution>
      <TestTypeSpecific />
      <AgentRule name="Execution Agents">
      </AgentRule>
    </Execution>
  </TestSettings>
  <Times creation="2011-05-18T00:26:06.4402322+01:00" queuing="2011-05-18T00:26:06.5026323+01:00" start="2011-05-18T00:26:06.5182324+01:00" finish="2011-05-18T00:26:06.7678328+01:00" />
  <ResultSummary outcome="Completed">
    <Counters total="1" executed="1" passed="1" error="0" failed="0" timeout="0" aborted="0" inconclusive="0" passedButRunAborted="0" notRunnable="0" notExecuted="0" disconnected="0" warning="0" completed="0" inProgress="0" pending="0" />
  </ResultSummary>
  <TestDefinitions>
    <UnitTest name="when_member_has_invalid_type_throws_exception" storage="c:\spf\prompt11\uc01\repos\prompt11-01-vmessentials.sandrapatfer\sessao 4\sessao4\binding.tests2\bin\debug\binding.tests2.dll" id="226e83f3-06af-fd2e-fe63-91a55307602d">
      <Execution id="2ff08061-4e10-4eae-af4d-d8582440e5a6" />
      <TestMethod codeBase="C:/SPF/prompt11/uc01/repos/PROMPT11-01-VMEssentials.sandrapatfer/Sessao 4/Sessao4/Binding.Tests2/bin/Debug/Binding.Tests2.DLL" adapterTypeName="Microsoft.VisualStudio.TestTools.TestTypes.Unit.UnitTestAdapter, Microsoft.VisualStudio.QualityTools.Tips.UnitTest.Adapter, Version=10.0.0.0, Culture=neutral, PublicKeyToken=b03f5f7f11d50a3a" className="Binding.Tests2.BindingTests, Binding.Tests2, Version=1.0.0.0, Culture=neutral, PublicKeyToken=null" name="when_member_has_invalid_type_throws_exception" />
    </UnitTest>
  </TestDefinitions>
  <TestLists>
    <TestList name="Results Not in a List" id="8c84fa94-04c1-424b-9868-57a2d4851a1d" />
    <TestList name="All Loaded Results" id="19431567-8539-422a-85d7-44ee4e166bda" />
  </TestLists>
  <TestEntries>
    <TestEntry testId="226e83f3-06af-fd2e-fe63-91a55307602d" executionId="2ff08061-4e10-4eae-af4d-d8582440e5a6" testListId="8c84fa94-04c1-424b-9868-57a2d4851a1d" />
  </TestEntries>
  <Results>
    <UnitTestResult executionId="2ff08061-4e10-4eae-af4d-d8582440e5a6" testId="226e83f3-06af-fd2e-fe63-91a55307602d" testName="when_member_has_invalid_type_throws_exception" computerName="WKSPF4" duration="00:00:00.0161379" startTime="2011-05-18T00:26:06.5182324+01:00" endTime="2011-05-18T00:26:06.7522328+01:00" testType="13cdc9d9-ddb5-4fa4-a97d-d965ccfc6d4b" outcome="Passed" testListId="8c84fa94-04c1-424b-9868-57a2d4851a1d" relativeResultsDirectory="2ff08061-4e10-4eae-af4d-d8582440e5a6">
    </UnitTestResult>
  </Results>
</TestRun>