<?xml version="1.0" encoding="UTF-8"?>
<TestRun id="8340df93-8b1e-4fec-a2b5-a0eb57b60b33" name="spf@WKSPF4 2011-05-17 22:48:36" runUser="ASCORP\spf" xmlns="http://microsoft.com/schemas/VisualStudio/TeamTest/2010">
  <TestSettings name="Local" id="9c902be1-ba22-4d4e-825f-91cd920b426b">
    <Description>These are default test settings for a local test run.</Description>
    <Deployment enabled="false" runDeploymentRoot="spf_WKSPF4 2011-05-17 22_48_36">
      <DeploymentItem filename="C:\SPF\prompt11\uc01\repos\PROMPT11-01-VMEssentials.sandrapatfer\Sessao 4\Sessao4\Binding\bin\Debug\Binding.dll" />
    </Deployment>
    <Execution>
      <TestTypeSpecific />
      <AgentRule name="Execution Agents">
      </AgentRule>
    </Execution>
  </TestSettings>
  <Times creation="2011-05-17T22:48:36.5685281+01:00" queuing="2011-05-17T22:48:36.5815289+01:00" start="2011-05-17T22:48:36.5905294+01:00" finish="2011-05-17T22:48:36.8995471+01:00" />
  <ResultSummary outcome="Failed">
    <Counters total="1" executed="1" error="0" failed="1" timeout="0" aborted="0" inconclusive="0" passedButRunAborted="0" notRunnable="0" notExecuted="0" disconnected="0" warning="0" passed="0" completed="0" inProgress="0" pending="0" />
  </ResultSummary>
  <TestDefinitions>
    <UnitTest name="can_bind2_to_string_int_and_bool" storage="c:\spf\prompt11\uc01\repos\prompt11-01-vmessentials.sandrapatfer\sessao 4\sessao4\binding.tests2\bin\debug\binding.tests2.dll" id="c2944eda-b3b1-ae37-c806-71ac6d075d96">
      <Execution id="1ee682ec-1be7-4af8-b31c-c3134b0dd1b9" />
      <TestMethod codeBase="C:/SPF/prompt11/uc01/repos/PROMPT11-01-VMEssentials.sandrapatfer/Sessao 4/Sessao4/Binding.Tests2/bin/Debug/Binding.Tests2.DLL" adapterTypeName="Microsoft.VisualStudio.TestTools.TestTypes.Unit.UnitTestAdapter, Microsoft.VisualStudio.QualityTools.Tips.UnitTest.Adapter, Version=10.0.0.0, Culture=neutral, PublicKeyToken=b03f5f7f11d50a3a" className="Binding.Tests2.BindingTests, Binding.Tests2, Version=1.0.0.0, Culture=neutral, PublicKeyToken=null" name="can_bind2_to_string_int_and_bool" />
    </UnitTest>
  </TestDefinitions>
  <TestLists>
    <TestList name="Results Not in a List" id="8c84fa94-04c1-424b-9868-57a2d4851a1d" />
    <TestList name="All Loaded Results" id="19431567-8539-422a-85d7-44ee4e166bda" />
  </TestLists>
  <TestEntries>
    <TestEntry testId="c2944eda-b3b1-ae37-c806-71ac6d075d96" executionId="1ee682ec-1be7-4af8-b31c-c3134b0dd1b9" testListId="8c84fa94-04c1-424b-9868-57a2d4851a1d" />
  </TestEntries>
  <Results>
    <UnitTestResult executionId="1ee682ec-1be7-4af8-b31c-c3134b0dd1b9" testId="c2944eda-b3b1-ae37-c806-71ac6d075d96" testName="can_bind2_to_string_int_and_bool" computerName="WKSPF4" duration="00:00:00.0446716" startTime="2011-05-17T22:48:36.5945296+01:00" endTime="2011-05-17T22:48:36.8845462+01:00" testType="13cdc9d9-ddb5-4fa4-a97d-d965ccfc6d4b" outcome="Failed" testListId="8c84fa94-04c1-424b-9868-57a2d4851a1d" relativeResultsDirectory="1ee682ec-1be7-4af8-b31c-c3134b0dd1b9">
      <Output>
        <ErrorInfo>
          <Message>Assert.AreEqual failed. Expected:&lt;2&gt;. Actual:&lt;0&gt;. </Message>
          <StackTrace>   at Binding.Tests2.BindingTests.can_bind2_to_string_int_and_bool() in C:\SPF\prompt11\uc01\repos\PROMPT11-01-VMEssentials.sandrapatfer\Sessao 4\Sessao4\Binding.Tests2\BindingTests.cs:line 102
</StackTrace>
        </ErrorInfo>
      </Output>
    </UnitTestResult>
  </Results>
</TestRun>